Data read 00000000 : 00000000
PC: 0x00000000
Inst read 00000000 : 00007293
Data read 00000000 : 00000000
PC: 0x00000004
Inst read 00000004 : 00007313
Data read 00000000 : 00000000
PC: 0x00000008
Inst read 00000008 : 88888137
Data read 00000000 : 00000000
PC: 0x0000000c
Inst read 0000000c : 00832183
Data read 00000000 : 00000000
PC: 0x00000010
Inst read 00000010 : 0032a223
write 00000000 into  5
Data read 00000000 : 00000000
PC: 0x00000014
Inst read 00000014 : 00402083
write 00000000 into  6
Data read 00000000 : 00000000
PC: 0x00000018
Inst read 00000018 : 01c02383
write 88888000 into  2
Data read 00000002 : 80000000
PC: 0x0000001c
Inst read 0000001c : 00338863
write 80000000 into  3
Data read 00000001 : 00000000
Data write 00000001 : 00000000
PC: 0x00000020
Inst read 00000020 : 555550b7
Data read 00000001 : 00000000
PC: 0x00000024
Inst read 00000024 : 0070a0b3
write 00000000 into  1
Data read 00000007 : 00000000
PC: 0x00000028
Inst read 00000028 : fe0098e3
write 00000000 into  7
Data read 00000000 : 00000000
PC: 0x0000002c
Inst read 0000002c : 007282b3
Data read 00000000 : 00000000
PC: 0x00000030
Inst read 00000030 : 00230333
write 55555000 into  1
Data read 00000000 : 00000000
PC: 0x00000034
Inst read 00000034 : 00531463
write 00000000 into  1
Data read 00000000 : 00000000
PC: 0x00000038
Inst read 00000038 : 40000033
Data read 00000000 : 00000000
PC: 0x0000003c
Inst read 0000003c : 40530433
write 00000000 into  5
Data read 00000000 : 00000000
PC: 0x00000038
Inst read 00000038 : 40000033
write 88888000 into  6
Data read 00000000 : 00000000
PC: 0x0000003c
Inst read 0000003c : 40530433
Data read 00000000 : 00000000
PC: 0x00000040
Inst read 00000040 : 405304b3
Data read 00000000 : 00000000
PC: 0x00000044
Inst read 00000044 : 0080006f
Data read 00000000 : 00000000
PC: 0x00000048
Inst read 00000048 : 00007033
Data read 00000000 : 00000000
PC: 0x0000004c
Inst read 0000004c : 0072f533
write 88888000 into  8
Data read 00000000 : 00000000
PC: 0x00000048
Inst read 00000048 : 00007033
write 88888000 into  9
Data read 00000000 : 00000000
PC: 0x0000004c
Inst read 0000004c : 0072f533
Data read 00000000 : 00000000
PC: 0x00000050
Inst read 00000050 : 00157593
Data read 00000000 : 00000000
PC: 0x00000054
Inst read 00000054 : 00b51463
Data read 00000000 : 00000000
PC: 0x00000058
Inst read 00000058 : 00006033
Data read 00000000 : 00000000
PC: 0x0000005c
Inst read 0000005c : 00a5e5b3
write 00000000 into 10
Data read 00000000 : 00000000
PC: 0x00000060
Inst read 00000060 : 0015e513
write 00000000 into 11
Data read 00000000 : 00000000
PC: 0x00000064
Inst read 00000064 : 00558463
Data read 00000000 : 00000000
PC: 0x00000068
Inst read 00000068 : 00004033
Data read 00000000 : 00000000
PC: 0x0000006c
Inst read 0000006c : 00a5c633
write 00000000 into 11
Data read 00000000 : 00000000
PC: 0x00000068
Inst read 00000068 : 00004033
write 00000001 into 10
Data read 00000000 : 00000000
PC: 0x0000006c
Inst read 0000006c : 00a5c633
Data read 00000000 : 00000000
PC: 0x00000070
Inst read 00000070 : 00164613
Data read 00000000 : 00000000
PC: 0x00000074
Inst read 00000074 : 00b61463
Data read 00000000 : 00000000
PC: 0x00000078
Inst read 00000078 : 00000013
Data read 00000000 : 00000000
PC: 0x0000007c
Inst read 0000007c : 0012d293
write 00000001 into 12
Data read 00000000 : 00000000
PC: 0x00000080
Inst read 00000080 : 00060463
write 00000000 into 12
Data read 00000000 : 00000000
PC: 0x00000084
Inst read 00000084 : 40000033
Data read 00000000 : 00000000
PC: 0x00000088
Inst read 00000088 : 00129293
Data read 00000000 : 00000000
PC: 0x00000084
Inst read 00000084 : 40000033
write 00000000 into  5
Data read 00000000 : 00000000
PC: 0x00000088
Inst read 00000088 : 00129293
Data read 00000000 : 00000000
PC: 0x0000008c
Inst read 0000008c : 00b28463
Data read 00000000 : 00000000
PC: 0x00000090
Inst read 00000090 : 00000013
Data read 00000000 : 00000000
PC: 0x00000094
Inst read 00000094 : 001026b3
Data read 00000000 : 00000000
PC: 0x00000090
Inst read 00000090 : 00000013
write 00000000 into  5
Data read 00000000 : 00000000
PC: 0x00000094
Inst read 00000094 : 001026b3
Data read 00000000 : 00000000
PC: 0x00000098
Inst read 00000098 : 00503733
Data read 00000000 : 00000000
PC: 0x0000009c
Inst read 0000009c : f65ff06f
Data read 00000000 : 00000000
PC: 0x000000a0
WARNING: PC OUT OF BOUND of 000000a0
Inst read 000000a0 : 00000000
Data read 00000000 : 00000000
PC: 0x000000a4
WARNING: PC OUT OF BOUND of 000000a4
Inst read 000000a4 : 00000000
write 00000000 into 13
Data read 00000000 : 00000000
PC: 0xfffffffc
WARNING: PC OUT OF BOUND of fffffffc
Inst read fffffffc : 00000001
write 00000000 into 14
Data read 00000000 : 00000000
PC: 0x00000000
Inst read 00000000 : 00007293
Data read 00000000 : 00000000
PC: 0x00000004
Inst read 00000004 : 00007313
Data read 00000000 : 00000000
PC: 0x00000008
Inst read 00000008 : 88888137
Data read 00000000 : 00000000
PC: 0x0000000c
Inst read 0000000c : 00832183
Data read 00000000 : 00000000
PC: 0x00000010
Inst read 00000010 : 0032a223
write 00000000 into  5
Data read 00000000 : 00000000
PC: 0x00000014
Inst read 00000014 : 00402083
write 00000000 into  6
Data read 00000000 : 00000000
PC: 0x00000018
Inst read 00000018 : 01c02383
write 88888000 into  2
Data read 00000002 : 80000000
PC: 0x0000001c
Inst read 0000001c : 00338863
write 80000000 into  3
Data read 00000001 : 00000000
Data write 00000001 : 80000000
PC: 0x00000020
Inst read 00000020 : 555550b7
Data read 00000001 : 80000000
PC: 0x00000024
Inst read 00000024 : 0070a0b3
write 80000000 into  1
Data read 00000007 : 00000000
PC: 0x00000028
Inst read 00000028 : fe0098e3
write 00000000 into  7
Data read 00000000 : 00000000
PC: 0x0000002c
Inst read 0000002c : 007282b3
Data read 00000000 : 00000000
PC: 0x00000030
Inst read 00000030 : 00230333
write 55555000 into  1
Data read 00000000 : 00000000
PC: 0x00000034
Inst read 00000034 : 00531463
write 00000000 into  1
Data read 00000000 : 00000000
PC: 0x00000038
Inst read 00000038 : 40000033
Data read 00000000 : 00000000
PC: 0x0000003c
Inst read 0000003c : 40530433
write 00000000 into  5
Data read 00000000 : 00000000
PC: 0x00000038
Inst read 00000038 : 40000033
write 88888000 into  6
Data read 00000000 : 00000000
PC: 0x0000003c
Inst read 0000003c : 40530433
Data read 00000000 : 00000000
PC: 0x00000040
Inst read 00000040 : 405304b3
Data read 00000000 : 00000000
PC: 0x00000044
Inst read 00000044 : 0080006f
Data read 00000000 : 00000000
PC: 0x00000048
Inst read 00000048 : 00007033
Data read 00000000 : 00000000
PC: 0x0000004c
Inst read 0000004c : 0072f533
write 88888000 into  8
Data read 00000000 : 00000000
PC: 0x00000048
Inst read 00000048 : 00007033
write 88888000 into  9
Data read 00000000 : 00000000
PC: 0x0000004c
Inst read 0000004c : 0072f533
Data read 00000000 : 00000000
PC: 0x00000050
Inst read 00000050 : 00157593
Data read 00000000 : 00000000
PC: 0x00000054
Inst read 00000054 : 00b51463
Data read 00000000 : 00000000
PC: 0x00000058
Inst read 00000058 : 00006033
Data read 00000000 : 00000000
PC: 0x0000005c
Inst read 0000005c : 00a5e5b3
write 00000000 into 10
Data read 00000000 : 00000000
PC: 0x00000060
Inst read 00000060 : 0015e513
write 00000000 into 11
Data read 00000000 : 00000000
PC: 0x00000064
Inst read 00000064 : 00558463
Data read 00000000 : 00000000
PC: 0x00000068
Inst read 00000068 : 00004033
Data read 00000000 : 00000000
PC: 0x0000006c
Inst read 0000006c : 00a5c633
write 00000000 into 11
Data read 00000000 : 00000000
PC: 0x00000068
Inst read 00000068 : 00004033
write 00000001 into 10
Data read 00000000 : 00000000
PC: 0x0000006c
Inst read 0000006c : 00a5c633
Data read 00000000 : 00000000
PC: 0x00000070
Inst read 00000070 : 00164613
Data read 00000000 : 00000000
PC: 0x00000074
Inst read 00000074 : 00b61463
Data read 00000000 : 00000000
PC: 0x00000078
Inst read 00000078 : 00000013
Data read 00000000 : 00000000
PC: 0x0000007c
Inst read 0000007c : 0012d293
write 00000001 into 12
Data read 00000000 : 00000000
PC: 0x00000080
Inst read 00000080 : 00060463
write 00000000 into 12
Data read 00000000 : 00000000
PC: 0x00000084
Inst read 00000084 : 40000033
Data read 00000000 : 00000000
PC: 0x00000088
Inst read 00000088 : 00129293
Data read 00000000 : 00000000
PC: 0x00000084
Inst read 00000084 : 40000033
write 00000000 into  5
Data read 00000000 : 00000000
PC: 0x00000088
Inst read 00000088 : 00129293
Data read 00000000 : 00000000
PC: 0x0000008c
Inst read 0000008c : 00b28463
Data read 00000000 : 00000000
PC: 0x00000090
Inst read 00000090 : 00000013
Data read 00000000 : 00000000
PC: 0x00000094
Inst read 00000094 : 001026b3
Data read 00000000 : 00000000
PC: 0x00000090
Inst read 00000090 : 00000013
write 00000000 into  5
Data read 00000000 : 00000000
PC: 0x00000094
Inst read 00000094 : 001026b3
Data read 00000000 : 00000000
PC: 0x00000098
Inst read 00000098 : 00503733
Data read 00000000 : 00000000
PC: 0x0000009c
Inst read 0000009c : f65ff06f
Data read 00000000 : 00000000
PC: 0x000000a0
WARNING: PC OUT OF BOUND of 000000a0
Inst read 000000a0 : 00000000
Data read 00000000 : 00000000
PC: 0x000000a4
WARNING: PC OUT OF BOUND of 000000a4
Inst read 000000a4 : 00000000
write 00000000 into 13
Data read 00000000 : 00000000
PC: 0xfffffffc
WARNING: PC OUT OF BOUND of fffffffc
Inst read fffffffc : 00000001
write 00000000 into 14
Data read 00000000 : 00000000
PC: 0x00000000
Inst read 00000000 : 00007293
Data read 00000000 : 00000000
PC: 0x00000004
Inst read 00000004 : 00007313
Data read 00000000 : 00000000
PC: 0x00000008
Inst read 00000008 : 88888137
Data read 00000000 : 00000000
PC: 0x0000000c
Inst read 0000000c : 00832183
Data read 00000000 : 00000000
PC: 0x00000010
Inst read 00000010 : 0032a223
write 00000000 into  5
Data read 00000000 : 00000000
PC: 0x00000014
Inst read 00000014 : 00402083
write 00000000 into  6
Data read 00000000 : 00000000
PC: 0x00000018
Inst read 00000018 : 01c02383
write 88888000 into  2
Data read 00000002 : 80000000
PC: 0x0000001c
Inst read 0000001c : 00338863
write 80000000 into  3
Data read 00000001 : 80000000
Data write 00000001 : 80000000
PC: 0x00000020
Inst read 00000020 : 555550b7
Data read 00000001 : 80000000
PC: 0x00000024
Inst read 00000024 : 0070a0b3
write 80000000 into  1
Data read 00000007 : 00000000
PC: 0x00000028
Inst read 00000028 : fe0098e3
write 00000000 into  7
Data read 00000000 : 00000000
PC: 0x0000002c
Inst read 0000002c : 007282b3
Data read 00000000 : 00000000
PC: 0x00000030
Inst read 00000030 : 00230333
write 55555000 into  1
Data read 00000000 : 00000000
PC: 0x00000034
Inst read 00000034 : 00531463
write 00000000 into  1
Data read 00000000 : 00000000
PC: 0x00000038
Inst read 00000038 : 40000033
Data read 00000000 : 00000000
PC: 0x0000003c
Inst read 0000003c : 40530433
write 00000000 into  5
Data read 00000000 : 00000000
PC: 0x00000038
Inst read 00000038 : 40000033
write 88888000 into  6
Data read 00000000 : 00000000
PC: 0x0000003c
Inst read 0000003c : 40530433
Data read 00000000 : 00000000
PC: 0x00000040
Inst read 00000040 : 405304b3
Data read 00000000 : 00000000
PC: 0x00000044
Inst read 00000044 : 0080006f
Data read 00000000 : 00000000
PC: 0x00000048
Inst read 00000048 : 00007033
Data read 00000000 : 00000000
PC: 0x0000004c
Inst read 0000004c : 0072f533
write 88888000 into  8
Data read 00000000 : 00000000
PC: 0x00000048
Inst read 00000048 : 00007033
write 88888000 into  9
Data read 00000000 : 00000000
PC: 0x0000004c
Inst read 0000004c : 0072f533
Data read 00000000 : 00000000
PC: 0x00000050
Inst read 00000050 : 00157593
Data read 00000000 : 00000000
PC: 0x00000054
Inst read 00000054 : 00b51463
Data read 00000000 : 00000000
PC: 0x00000058
Inst read 00000058 : 00006033
Data read 00000000 : 00000000
PC: 0x0000005c
Inst read 0000005c : 00a5e5b3
write 00000000 into 10
Data read 00000000 : 00000000
PC: 0x00000060
Inst read 00000060 : 0015e513
write 00000000 into 11
Data read 00000000 : 00000000
PC: 0x00000064
Inst read 00000064 : 00558463
Data read 00000000 : 00000000
PC: 0x00000068
Inst read 00000068 : 00004033
Data read 00000000 : 00000000
PC: 0x0000006c
Inst read 0000006c : 00a5c633
write 00000000 into 11
Data read 00000000 : 00000000
PC: 0x00000068
Inst read 00000068 : 00004033
write 00000001 into 10
Data read 00000000 : 00000000
PC: 0x0000006c
Inst read 0000006c : 00a5c633
Data read 00000000 : 00000000
PC: 0x00000070
Inst read 00000070 : 00164613
Data read 00000000 : 00000000
PC: 0x00000074
Inst read 00000074 : 00b61463
Data read 00000000 : 00000000
PC: 0x00000078
Inst read 00000078 : 00000013
Data read 00000000 : 00000000
PC: 0x0000007c
Inst read 0000007c : 0012d293
write 00000001 into 12
Data read 00000000 : 00000000
PC: 0x00000080
Inst read 00000080 : 00060463
write 00000000 into 12
Data read 00000000 : 00000000
PC: 0x00000084
Inst read 00000084 : 40000033
Data read 00000000 : 00000000
PC: 0x00000088
Inst read 00000088 : 00129293
Data read 00000000 : 00000000
PC: 0x00000084
Inst read 00000084 : 40000033
write 00000000 into  5
Data read 00000000 : 00000000
PC: 0x00000088
Inst read 00000088 : 00129293
Data read 00000000 : 00000000
PC: 0x0000008c
Inst read 0000008c : 00b28463
Data read 00000000 : 00000000
PC: 0x00000090
Inst read 00000090 : 00000013
Data read 00000000 : 00000000
PC: 0x00000094
Inst read 00000094 : 001026b3
Data read 00000000 : 00000000
PC: 0x00000090
Inst read 00000090 : 00000013
write 00000000 into  5
Data read 00000000 : 00000000
PC: 0x00000094
Inst read 00000094 : 001026b3
Data read 00000000 : 00000000
PC: 0x00000098
Inst read 00000098 : 00503733
Data read 00000000 : 00000000
PC: 0x0000009c
Inst read 0000009c : f65ff06f
Data read 00000000 : 00000000
PC: 0x000000a0
WARNING: PC OUT OF BOUND of 000000a0
Inst read 000000a0 : 00000000
Data read 00000000 : 00000000
PC: 0x000000a4
WARNING: PC OUT OF BOUND of 000000a4
Inst read 000000a4 : 00000000
write 00000000 into 13
Data read 00000000 : 00000000
PC: 0xfffffffc
WARNING: PC OUT OF BOUND of fffffffc
Inst read fffffffc : 00000001
write 00000000 into 14
Data read 00000000 : 00000000
PC: 0x00000000
Inst read 00000000 : 00007293
Data read 00000000 : 00000000
PC: 0x00000004
Inst read 00000004 : 00007313
Data read 00000000 : 00000000
PC: 0x00000008
Inst read 00000008 : 88888137
Data read 00000000 : 00000000
PC: 0x0000000c
Inst read 0000000c : 00832183
Data read 00000000 : 00000000
PC: 0x00000010
Inst read 00000010 : 0032a223
write 00000000 into  5
Data read 00000000 : 00000000
PC: 0x00000014
Inst read 00000014 : 00402083
write 00000000 into  6
Data read 00000000 : 00000000
PC: 0x00000018
Inst read 00000018 : 01c02383
write 88888000 into  2
Data read 00000002 : 80000000
PC: 0x0000001c
Inst read 0000001c : 00338863
write 80000000 into  3
Data read 00000001 : 80000000
Data write 00000001 : 80000000
PC: 0x00000020
Inst read 00000020 : 555550b7
Data read 00000001 : 80000000
PC: 0x00000024
Inst read 00000024 : 0070a0b3
write 80000000 into  1
Data read 00000007 : 00000000
PC: 0x00000028
Inst read 00000028 : fe0098e3
write 00000000 into  7
Data read 00000000 : 00000000
PC: 0x0000002c
Inst read 0000002c : 007282b3
Data read 00000000 : 00000000
PC: 0x00000030
Inst read 00000030 : 00230333
write 55555000 into  1
Data read 00000000 : 00000000
PC: 0x00000034
Inst read 00000034 : 00531463
write 00000000 into  1
Data read 00000000 : 00000000
PC: 0x00000038
Inst read 00000038 : 40000033
Data read 00000000 : 00000000
PC: 0x0000003c
Inst read 0000003c : 40530433
write 00000000 into  5
Data read 00000000 : 00000000
PC: 0x00000038
Inst read 00000038 : 40000033
write 88888000 into  6
Data read 00000000 : 00000000
PC: 0x0000003c
Inst read 0000003c : 40530433
Data read 00000000 : 00000000
PC: 0x00000040
Inst read 00000040 : 405304b3
Data read 00000000 : 00000000
PC: 0x00000044
Inst read 00000044 : 0080006f
Data read 00000000 : 00000000
PC: 0x00000048
Inst read 00000048 : 00007033
Data read 00000000 : 00000000
PC: 0x0000004c
Inst read 0000004c : 0072f533
write 88888000 into  8
Data read 00000000 : 00000000
PC: 0x00000048
Inst read 00000048 : 00007033
write 88888000 into  9
Data read 00000000 : 00000000
PC: 0x0000004c
Inst read 0000004c : 0072f533
Data read 00000000 : 00000000
PC: 0x00000050
Inst read 00000050 : 00157593
Data read 00000000 : 00000000
PC: 0x00000054
Inst read 00000054 : 00b51463
Data read 00000000 : 00000000
PC: 0x00000058
Inst read 00000058 : 00006033
Data read 00000000 : 00000000
PC: 0x0000005c
Inst read 0000005c : 00a5e5b3
write 00000000 into 10
Data read 00000000 : 00000000
PC: 0x00000060
Inst read 00000060 : 0015e513
write 00000000 into 11
Data read 00000000 : 00000000
PC: 0x00000064
Inst read 00000064 : 00558463
Data read 00000000 : 00000000
PC: 0x00000068
Inst read 00000068 : 00004033
Data read 00000000 : 00000000
PC: 0x0000006c
Inst read 0000006c : 00a5c633
write 00000000 into 11
Data read 00000000 : 00000000
PC: 0x00000068
Inst read 00000068 : 00004033
write 00000001 into 10
Data read 00000000 : 00000000
PC: 0x0000006c
Inst read 0000006c : 00a5c633
Data read 00000000 : 00000000
PC: 0x00000070
Inst read 00000070 : 00164613
Data read 00000000 : 00000000
PC: 0x00000074
Inst read 00000074 : 00b61463
Data read 00000000 : 00000000
PC: 0x00000078
Inst read 00000078 : 00000013
Data read 00000000 : 00000000
PC: 0x0000007c
Inst read 0000007c : 0012d293
write 00000001 into 12
Data read 00000000 : 00000000
PC: 0x00000080
Inst read 00000080 : 00060463
write 00000000 into 12
Data read 00000000 : 00000000
PC: 0x00000084
Inst read 00000084 : 40000033
Data read 00000000 : 00000000
PC: 0x00000088
Inst read 00000088 : 00129293
Data read 00000000 : 00000000
PC: 0x00000084
Inst read 00000084 : 40000033
write 00000000 into  5
Data read 00000000 : 00000000
PC: 0x00000088
Inst read 00000088 : 00129293
Data read 00000000 : 00000000
PC: 0x0000008c
Inst read 0000008c : 00b28463
Data read 00000000 : 00000000
PC: 0x00000090
Inst read 00000090 : 00000013
Data read 00000000 : 00000000
PC: 0x00000094
Inst read 00000094 : 001026b3
Data read 00000000 : 00000000
PC: 0x00000090
Inst read 00000090 : 00000013
write 00000000 into  5
Data read 00000000 : 00000000
PC: 0x00000094
Inst read 00000094 : 001026b3
Data read 00000000 : 00000000
PC: 0x00000098
Inst read 00000098 : 00503733
Data read 00000000 : 00000000
PC: 0x0000009c
Inst read 0000009c : f65ff06f
Data read 00000000 : 00000000
PC: 0x000000a0
WARNING: PC OUT OF BOUND of 000000a0
Inst read 000000a0 : 00000000
Data read 00000000 : 00000000
PC: 0x000000a4
WARNING: PC OUT OF BOUND of 000000a4
Inst read 000000a4 : 00000000
write 00000000 into 13
Data read 00000000 : 00000000
PC: 0xfffffffc
WARNING: PC OUT OF BOUND of fffffffc
Inst read fffffffc : 00000001
write 00000000 into 14
Data read 00000000 : 00000000
PC: 0x00000000
Inst read 00000000 : 00007293
Data read 00000000 : 00000000
PC: 0x00000004
Inst read 00000004 : 00007313
Data read 00000000 : 00000000
PC: 0x00000008
Inst read 00000008 : 88888137
Data read 00000000 : 00000000
PC: 0x0000000c
Inst read 0000000c : 00832183
Data read 00000000 : 00000000
PC: 0x00000010
Inst read 00000010 : 0032a223
write 00000000 into  5
Data read 00000000 : 00000000
PC: 0x00000014
Inst read 00000014 : 00402083
write 00000000 into  6
Data read 00000000 : 00000000
PC: 0x00000018
Inst read 00000018 : 01c02383
write 88888000 into  2
Data read 00000002 : 80000000
PC: 0x0000001c
Inst read 0000001c : 00338863
write 80000000 into  3
Data read 00000001 : 80000000
Data write 00000001 : 80000000
PC: 0x00000020
Inst read 00000020 : 555550b7
Data read 00000001 : 80000000
PC: 0x00000024
Inst read 00000024 : 0070a0b3
write 80000000 into  1
Data read 00000007 : 00000000
PC: 0x00000028
Inst read 00000028 : fe0098e3
write 00000000 into  7
Data read 00000000 : 00000000
PC: 0x0000002c
Inst read 0000002c : 007282b3
Data read 00000000 : 00000000
PC: 0x00000030
Inst read 00000030 : 00230333
write 55555000 into  1
Data read 00000000 : 00000000
PC: 0x00000034
Inst read 00000034 : 00531463
write 00000000 into  1
Data read 00000000 : 00000000
PC: 0x00000038
Inst read 00000038 : 40000033
Data read 00000000 : 00000000
PC: 0x0000003c
Inst read 0000003c : 40530433
write 00000000 into  5
Data read 00000000 : 00000000
PC: 0x00000038
Inst read 00000038 : 40000033
write 88888000 into  6
Data read 00000000 : 00000000
PC: 0x0000003c
Inst read 0000003c : 40530433
Data read 00000000 : 00000000
PC: 0x00000040
Inst read 00000040 : 405304b3
Data read 00000000 : 00000000
PC: 0x00000044
Inst read 00000044 : 0080006f
Data read 00000000 : 00000000
PC: 0x00000048
Inst read 00000048 : 00007033
Data read 00000000 : 00000000
PC: 0x0000004c
Inst read 0000004c : 0072f533
write 88888000 into  8
Data read 00000000 : 00000000
PC: 0x00000048
Inst read 00000048 : 00007033
write 88888000 into  9
Data read 00000000 : 00000000
PC: 0x0000004c
Inst read 0000004c : 0072f533
Data read 00000000 : 00000000
PC: 0x00000050
Inst read 00000050 : 00157593
Data read 00000000 : 00000000
PC: 0x00000054
Inst read 00000054 : 00b51463
Data read 00000000 : 00000000
PC: 0x00000058
Inst read 00000058 : 00006033
Data read 00000000 : 00000000
PC: 0x0000005c
Inst read 0000005c : 00a5e5b3
write 00000000 into 10
Data read 00000000 : 00000000
PC: 0x00000060
Inst read 00000060 : 0015e513
write 00000000 into 11
Data read 00000000 : 00000000
PC: 0x00000064
Inst read 00000064 : 00558463
Data read 00000000 : 00000000
PC: 0x00000068
Inst read 00000068 : 00004033
Data read 00000000 : 00000000
PC: 0x0000006c
Inst read 0000006c : 00a5c633
write 00000000 into 11
Data read 00000000 : 00000000
PC: 0x00000068
Inst read 00000068 : 00004033
write 00000001 into 10
Data read 00000000 : 00000000
PC: 0x0000006c
Inst read 0000006c : 00a5c633
Data read 00000000 : 00000000
PC: 0x00000070
Inst read 00000070 : 00164613
Data read 00000000 : 00000000
PC: 0x00000074
Inst read 00000074 : 00b61463
Data read 00000000 : 00000000
PC: 0x00000078
Inst read 00000078 : 00000013
Data read 00000000 : 00000000
PC: 0x0000007c
Inst read 0000007c : 0012d293
write 00000001 into 12
Data read 00000000 : 00000000
PC: 0x00000080
Inst read 00000080 : 00060463
write 00000000 into 12
Data read 00000000 : 00000000
PC: 0x00000084
Inst read 00000084 : 40000033
Data read 00000000 : 00000000
PC: 0x00000088
Inst read 00000088 : 00129293
Data read 00000000 : 00000000
PC: 0x00000084
Inst read 00000084 : 40000033
write 00000000 into  5
Data read 00000000 : 00000000
PC: 0x00000088
Inst read 00000088 : 00129293
Data read 00000000 : 00000000
PC: 0x0000008c
Inst read 0000008c : 00b28463
Data read 00000000 : 00000000
PC: 0x00000090
Inst read 00000090 : 00000013
Data read 00000000 : 00000000
PC: 0x00000094
Inst read 00000094 : 001026b3
Data read 00000000 : 00000000
PC: 0x00000090
Inst read 00000090 : 00000013
write 00000000 into  5
Data read 00000000 : 00000000
PC: 0x00000094
Inst read 00000094 : 001026b3
Data read 00000000 : 00000000
PC: 0x00000098
Inst read 00000098 : 00503733
Data read 00000000 : 00000000
PC: 0x0000009c
Inst read 0000009c : f65ff06f
Data read 00000000 : 00000000
PC: 0x000000a0
WARNING: PC OUT OF BOUND of 000000a0
Inst read 000000a0 : 00000000
Data read 00000000 : 00000000
PC: 0x000000a4
WARNING: PC OUT OF BOUND of 000000a4
Inst read 000000a4 : 00000000
write 00000000 into 13
Data read 00000000 : 00000000
PC: 0xfffffffc
WARNING: PC OUT OF BOUND of fffffffc
Inst read fffffffc : 00000001
write 00000000 into 14
Data read 00000000 : 00000000
PC: 0x00000000
Inst read 00000000 : 00007293
Data read 00000000 : 00000000
PC: 0x00000004
Inst read 00000004 : 00007313
Data read 00000000 : 00000000
PC: 0x00000008
Inst read 00000008 : 88888137
Data read 00000000 : 00000000
PC: 0x0000000c
Inst read 0000000c : 00832183
Data read 00000000 : 00000000
PC: 0x00000010
Inst read 00000010 : 0032a223
write 00000000 into  5
Data read 00000000 : 00000000
PC: 0x00000014
Inst read 00000014 : 00402083
write 00000000 into  6
Data read 00000000 : 00000000
PC: 0x00000018
Inst read 00000018 : 01c02383
write 88888000 into  2
Data read 00000002 : 80000000
PC: 0x0000001c
Inst read 0000001c : 00338863
write 80000000 into  3
Data read 00000001 : 80000000
Data write 00000001 : 80000000
PC: 0x00000020
Inst read 00000020 : 555550b7
Data read 00000001 : 80000000
PC: 0x00000024
Inst read 00000024 : 0070a0b3
write 80000000 into  1
Data read 00000007 : 00000000
PC: 0x00000028
Inst read 00000028 : fe0098e3
write 00000000 into  7
Data read 00000000 : 00000000
PC: 0x0000002c
Inst read 0000002c : 007282b3
Data read 00000000 : 00000000
PC: 0x00000030
Inst read 00000030 : 00230333
write 55555000 into  1
Data read 00000000 : 00000000
PC: 0x00000034
Inst read 00000034 : 00531463
write 00000000 into  1
Data read 00000000 : 00000000
PC: 0x00000038
Inst read 00000038 : 40000033
Data read 00000000 : 00000000
PC: 0x0000003c
Inst read 0000003c : 40530433
write 00000000 into  5
Data read 00000000 : 00000000
PC: 0x00000038
Inst read 00000038 : 40000033
write 88888000 into  6
Data read 00000000 : 00000000
PC: 0x0000003c
Inst read 0000003c : 40530433
Data read 00000000 : 00000000
PC: 0x00000040
Inst read 00000040 : 405304b3
Data read 00000000 : 00000000
PC: 0x00000044
Inst read 00000044 : 0080006f
Data read 00000000 : 00000000
PC: 0x00000048
Inst read 00000048 : 00007033
Data read 00000000 : 00000000
PC: 0x0000004c
Inst read 0000004c : 0072f533
write 88888000 into  8
Data read 00000000 : 00000000
PC: 0x00000048
Inst read 00000048 : 00007033
write 88888000 into  9
Data read 00000000 : 00000000
PC: 0x0000004c
Inst read 0000004c : 0072f533
Data read 00000000 : 00000000
PC: 0x00000050
Inst read 00000050 : 00157593
Data read 00000000 : 00000000
PC: 0x00000054
Inst read 00000054 : 00b51463
Data read 00000000 : 00000000
PC: 0x00000058
Inst read 00000058 : 00006033
Data read 00000000 : 00000000
PC: 0x0000005c
Inst read 0000005c : 00a5e5b3
write 00000000 into 10
Data read 00000000 : 00000000
PC: 0x00000060
Inst read 00000060 : 0015e513
write 00000000 into 11
Data read 00000000 : 00000000
PC: 0x00000064
Inst read 00000064 : 00558463
Data read 00000000 : 00000000
PC: 0x00000068
Inst read 00000068 : 00004033
Data read 00000000 : 00000000
PC: 0x0000006c
Inst read 0000006c : 00a5c633
write 00000000 into 11
Data read 00000000 : 00000000
PC: 0x00000068
Inst read 00000068 : 00004033
write 00000001 into 10
Data read 00000000 : 00000000
PC: 0x0000006c
Inst read 0000006c : 00a5c633
Data read 00000000 : 00000000
PC: 0x00000070
Inst read 00000070 : 00164613
Data read 00000000 : 00000000
PC: 0x00000074
Inst read 00000074 : 00b61463
Data read 00000000 : 00000000
PC: 0x00000078
Inst read 00000078 : 00000013
Data read 00000000 : 00000000
PC: 0x0000007c
Inst read 0000007c : 0012d293
write 00000001 into 12
Data read 00000000 : 00000000
PC: 0x00000080
Inst read 00000080 : 00060463
write 00000000 into 12
Data read 00000000 : 00000000
PC: 0x00000084
Inst read 00000084 : 40000033
Data read 00000000 : 00000000
PC: 0x00000088
Inst read 00000088 : 00129293
Data read 00000000 : 00000000
PC: 0x00000084
Inst read 00000084 : 40000033
write 00000000 into  5
Data read 00000000 : 00000000
PC: 0x00000088
Inst read 00000088 : 00129293
Data read 00000000 : 00000000
PC: 0x0000008c
Inst read 0000008c : 00b28463
Data read 00000000 : 00000000
PC: 0x00000090
Inst read 00000090 : 00000013
Data read 00000000 : 00000000
PC: 0x00000094
Inst read 00000094 : 001026b3
Data read 00000000 : 00000000
PC: 0x00000090
Inst read 00000090 : 00000013
write 00000000 into  5
Data read 00000000 : 00000000
PC: 0x00000094
Inst read 00000094 : 001026b3
Data read 00000000 : 00000000
PC: 0x00000098
Inst read 00000098 : 00503733
Data read 00000000 : 00000000
PC: 0x0000009c
Inst read 0000009c : f65ff06f
Data read 00000000 : 00000000
PC: 0x000000a0
WARNING: PC OUT OF BOUND of 000000a0
Inst read 000000a0 : 00000000
Data read 00000000 : 00000000
PC: 0x000000a4
WARNING: PC OUT OF BOUND of 000000a4
Inst read 000000a4 : 00000000
write 00000000 into 13
Data read 00000000 : 00000000
PC: 0xfffffffc
WARNING: PC OUT OF BOUND of fffffffc
Inst read fffffffc : 00000001
write 00000000 into 14
Data read 00000000 : 00000000
PC: 0x00000000
Inst read 00000000 : 00007293
Data read 00000000 : 00000000
PC: 0x00000004
Inst read 00000004 : 00007313
Data read 00000000 : 00000000
PC: 0x00000008
Inst read 00000008 : 88888137
Data read 00000000 : 00000000
PC: 0x0000000c
Inst read 0000000c : 00832183
Data read 00000000 : 00000000
PC: 0x00000010
Inst read 00000010 : 0032a223
write 00000000 into  5
Data read 00000000 : 00000000
PC: 0x00000014
Inst read 00000014 : 00402083
write 00000000 into  6
Data read 00000000 : 00000000
PC: 0x00000018
Inst read 00000018 : 01c02383
write 88888000 into  2
Data read 00000002 : 80000000
PC: 0x0000001c
Inst read 0000001c : 00338863
write 80000000 into  3
Data read 00000001 : 80000000
Data write 00000001 : 80000000
PC: 0x00000020
Inst read 00000020 : 555550b7
Data read 00000001 : 80000000
PC: 0x00000024
Inst read 00000024 : 0070a0b3
write 80000000 into  1
Data read 00000007 : 00000000
PC: 0x00000028
Inst read 00000028 : fe0098e3
write 00000000 into  7
Data read 00000000 : 00000000
PC: 0x0000002c
Inst read 0000002c : 007282b3
Data read 00000000 : 00000000
PC: 0x00000030
Inst read 00000030 : 00230333
write 55555000 into  1
Data read 00000000 : 00000000
PC: 0x00000034
Inst read 00000034 : 00531463
write 00000000 into  1
Data read 00000000 : 00000000
PC: 0x00000038
Inst read 00000038 : 40000033
Data read 00000000 : 00000000
PC: 0x0000003c
Inst read 0000003c : 40530433
write 00000000 into  5
Data read 00000000 : 00000000
PC: 0x00000038
Inst read 00000038 : 40000033
write 88888000 into  6
Data read 00000000 : 00000000
PC: 0x0000003c
Inst read 0000003c : 40530433
Data read 00000000 : 00000000
PC: 0x00000040
Inst read 00000040 : 405304b3
Data read 00000000 : 00000000
PC: 0x00000044
Inst read 00000044 : 0080006f
Data read 00000000 : 00000000
PC: 0x00000048
Inst read 00000048 : 00007033
Data read 00000000 : 00000000
PC: 0x0000004c
Inst read 0000004c : 0072f533
write 88888000 into  8
Data read 00000000 : 00000000
PC: 0x00000048
Inst read 00000048 : 00007033
write 88888000 into  9
Data read 00000000 : 00000000
PC: 0x0000004c
Inst read 0000004c : 0072f533
Data read 00000000 : 00000000
PC: 0x00000050
Inst read 00000050 : 00157593
Data read 00000000 : 00000000
PC: 0x00000054
Inst read 00000054 : 00b51463
Data read 00000000 : 00000000
PC: 0x00000058
Inst read 00000058 : 00006033
Data read 00000000 : 00000000
PC: 0x0000005c
Inst read 0000005c : 00a5e5b3
write 00000000 into 10
Data read 00000000 : 00000000
PC: 0x00000060
Inst read 00000060 : 0015e513
write 00000000 into 11
Data read 00000000 : 00000000
PC: 0x00000064
Inst read 00000064 : 00558463
Data read 00000000 : 00000000
PC: 0x00000068
Inst read 00000068 : 00004033
Data read 00000000 : 00000000
PC: 0x0000006c
Inst read 0000006c : 00a5c633
write 00000000 into 11
Data read 00000000 : 00000000
PC: 0x00000068
Inst read 00000068 : 00004033
write 00000001 into 10
Data read 00000000 : 00000000
PC: 0x0000006c
Inst read 0000006c : 00a5c633
Data read 00000000 : 00000000
PC: 0x00000070
Inst read 00000070 : 00164613
Data read 00000000 : 00000000
PC: 0x00000074
Inst read 00000074 : 00b61463
Data read 00000000 : 00000000
PC: 0x00000078
Inst read 00000078 : 00000013
Data read 00000000 : 00000000
PC: 0x0000007c
Inst read 0000007c : 0012d293
write 00000001 into 12
Data read 00000000 : 00000000
PC: 0x00000080
Inst read 00000080 : 00060463
write 00000000 into 12
Data read 00000000 : 00000000
PC: 0x00000084
Inst read 00000084 : 40000033
Data read 00000000 : 00000000
PC: 0x00000088
Inst read 00000088 : 00129293
Data read 00000000 : 00000000
PC: 0x00000084
Inst read 00000084 : 40000033
write 00000000 into  5
Data read 00000000 : 00000000
PC: 0x00000088
Inst read 00000088 : 00129293
Data read 00000000 : 00000000
PC: 0x0000008c
Inst read 0000008c : 00b28463
Data read 00000000 : 00000000
PC: 0x00000090
Inst read 00000090 : 00000013
Data read 00000000 : 00000000
PC: 0x00000094
Inst read 00000094 : 001026b3
Data read 00000000 : 00000000
PC: 0x00000090
Inst read 00000090 : 00000013
write 00000000 into  5
Data read 00000000 : 00000000
PC: 0x00000094
Inst read 00000094 : 001026b3
Data read 00000000 : 00000000
PC: 0x00000098
Inst read 00000098 : 00503733
Data read 00000000 : 00000000
PC: 0x0000009c
Inst read 0000009c : f65ff06f
Data read 00000000 : 00000000
PC: 0x000000a0
WARNING: PC OUT OF BOUND of 000000a0
Inst read 000000a0 : 00000000
Data read 00000000 : 00000000
PC: 0x000000a4
WARNING: PC OUT OF BOUND of 000000a4
Inst read 000000a4 : 00000000
write 00000000 into 13
Data read 00000000 : 00000000
PC: 0xfffffffc
WARNING: PC OUT OF BOUND of fffffffc
Inst read fffffffc : 00000001
write 00000000 into 14
Data read 00000000 : 00000000
PC: 0x00000000
Inst read 00000000 : 00007293
Data read 00000000 : 00000000
PC: 0x00000004
Inst read 00000004 : 00007313
Data read 00000000 : 00000000
PC: 0x00000008
Inst read 00000008 : 88888137
Data read 00000000 : 00000000
PC: 0x0000000c
Inst read 0000000c : 00832183
Data read 00000000 : 00000000
PC: 0x00000010
Inst read 00000010 : 0032a223
write 00000000 into  5
Data read 00000000 : 00000000
PC: 0x00000014
Inst read 00000014 : 00402083
write 00000000 into  6
Data read 00000000 : 00000000
PC: 0x00000018
Inst read 00000018 : 01c02383
write 88888000 into  2
Data read 00000002 : 80000000
PC: 0x0000001c
Inst read 0000001c : 00338863
write 80000000 into  3
Data read 00000001 : 80000000
Data write 00000001 : 80000000
PC: 0x00000020
Inst read 00000020 : 555550b7
Data read 00000001 : 80000000
PC: 0x00000024
Inst read 00000024 : 0070a0b3
write 80000000 into  1
Data read 00000007 : 00000000
PC: 0x00000028
Inst read 00000028 : fe0098e3
write 00000000 into  7
Data read 00000000 : 00000000
PC: 0x0000002c
Inst read 0000002c : 007282b3
Data read 00000000 : 00000000
PC: 0x00000030
Inst read 00000030 : 00230333
write 55555000 into  1
Data read 00000000 : 00000000
PC: 0x00000034
Inst read 00000034 : 00531463
write 00000000 into  1
Data read 00000000 : 00000000
PC: 0x00000038
Inst read 00000038 : 40000033
Data read 00000000 : 00000000
PC: 0x0000003c
Inst read 0000003c : 40530433
write 00000000 into  5
Data read 00000000 : 00000000
PC: 0x00000038
Inst read 00000038 : 40000033
write 88888000 into  6
Data read 00000000 : 00000000
PC: 0x0000003c
Inst read 0000003c : 40530433
Data read 00000000 : 00000000
PC: 0x00000040
Inst read 00000040 : 405304b3
Data read 00000000 : 00000000
PC: 0x00000044
Inst read 00000044 : 0080006f
Data read 00000000 : 00000000
PC: 0x00000048
Inst read 00000048 : 00007033
Data read 00000000 : 00000000
PC: 0x0000004c
Inst read 0000004c : 0072f533
write 88888000 into  8
Data read 00000000 : 00000000
PC: 0x00000048
Inst read 00000048 : 00007033
write 88888000 into  9
Data read 00000000 : 00000000
PC: 0x0000004c
Inst read 0000004c : 0072f533
Data read 00000000 : 00000000
PC: 0x00000050
Inst read 00000050 : 00157593
Data read 00000000 : 00000000
PC: 0x00000054
Inst read 00000054 : 00b51463
Data read 00000000 : 00000000
PC: 0x00000058
Inst read 00000058 : 00006033
Data read 00000000 : 00000000
PC: 0x0000005c
Inst read 0000005c : 00a5e5b3
write 00000000 into 10
Data read 00000000 : 00000000
PC: 0x00000060
Inst read 00000060 : 0015e513
write 00000000 into 11
Data read 00000000 : 00000000
PC: 0x00000064
Inst read 00000064 : 00558463
Data read 00000000 : 00000000
PC: 0x00000068
Inst read 00000068 : 00004033
Data read 00000000 : 00000000
PC: 0x0000006c
Inst read 0000006c : 00a5c633
write 00000000 into 11
Data read 00000000 : 00000000
PC: 0x00000068
Inst read 00000068 : 00004033
write 00000001 into 10
Data read 00000000 : 00000000
PC: 0x0000006c
Inst read 0000006c : 00a5c633
Data read 00000000 : 00000000
PC: 0x00000070
Inst read 00000070 : 00164613
Data read 00000000 : 00000000
PC: 0x00000074
Inst read 00000074 : 00b61463
Data read 00000000 : 00000000
PC: 0x00000078
Inst read 00000078 : 00000013
Data read 00000000 : 00000000
PC: 0x0000007c
Inst read 0000007c : 0012d293
write 00000001 into 12
Data read 00000000 : 00000000
PC: 0x00000080
Inst read 00000080 : 00060463
write 00000000 into 12
Data read 00000000 : 00000000
PC: 0x00000084
Inst read 00000084 : 40000033
Data read 00000000 : 00000000
PC: 0x00000088
Inst read 00000088 : 00129293
Data read 00000000 : 00000000
PC: 0x00000084
Inst read 00000084 : 40000033
write 00000000 into  5
Data read 00000000 : 00000000
PC: 0x00000088
Inst read 00000088 : 00129293
Data read 00000000 : 00000000
PC: 0x0000008c
Inst read 0000008c : 00b28463
Data read 00000000 : 00000000
PC: 0x00000090
Inst read 00000090 : 00000013
Data read 00000000 : 00000000
PC: 0x00000094
Inst read 00000094 : 001026b3
Data read 00000000 : 00000000
PC: 0x00000090
Inst read 00000090 : 00000013
write 00000000 into  5
Data read 00000000 : 00000000
PC: 0x00000094
Inst read 00000094 : 001026b3
Data read 00000000 : 00000000
PC: 0x00000098
Inst read 00000098 : 00503733
Data read 00000000 : 00000000
PC: 0x0000009c
Inst read 0000009c : f65ff06f
Data read 00000000 : 00000000
PC: 0x000000a0
WARNING: PC OUT OF BOUND of 000000a0
Inst read 000000a0 : 00000000
Data read 00000000 : 00000000
PC: 0x000000a4
WARNING: PC OUT OF BOUND of 000000a4
Inst read 000000a4 : 00000000
write 00000000 into 13
Data read 00000000 : 00000000
PC: 0xfffffffc
WARNING: PC OUT OF BOUND of fffffffc
Inst read fffffffc : 00000001
write 00000000 into 14
Data read 00000000 : 00000000
PC: 0x00000000
Inst read 00000000 : 00007293
Data read 00000000 : 00000000
PC: 0x00000004
Inst read 00000004 : 00007313
Data read 00000000 : 00000000
PC: 0x00000008
Inst read 00000008 : 88888137
Data read 00000000 : 00000000
PC: 0x0000000c
Inst read 0000000c : 00832183
Data read 00000000 : 00000000
PC: 0x00000010
Inst read 00000010 : 0032a223
write 00000000 into  5
Data read 00000000 : 00000000
PC: 0x00000014
Inst read 00000014 : 00402083
write 00000000 into  6
Data read 00000000 : 00000000
PC: 0x00000018
Inst read 00000018 : 01c02383
write 88888000 into  2
Data read 00000002 : 80000000
PC: 0x0000001c
Inst read 0000001c : 00338863
write 80000000 into  3
Data read 00000001 : 80000000
Data write 00000001 : 80000000
PC: 0x00000020
Inst read 00000020 : 555550b7
Data read 00000001 : 80000000
PC: 0x00000024
Inst read 00000024 : 0070a0b3
write 80000000 into  1
Data read 00000007 : 00000000
PC: 0x00000028
Inst read 00000028 : fe0098e3
write 00000000 into  7
Data read 00000000 : 00000000
PC: 0x0000002c
Inst read 0000002c : 007282b3
Data read 00000000 : 00000000
PC: 0x00000030
Inst read 00000030 : 00230333
write 55555000 into  1
Data read 00000000 : 00000000
PC: 0x00000034
Inst read 00000034 : 00531463
write 00000000 into  1
Data read 00000000 : 00000000
PC: 0x00000038
Inst read 00000038 : 40000033
Data read 00000000 : 00000000
PC: 0x0000003c
Inst read 0000003c : 40530433
write 00000000 into  5
Data read 00000000 : 00000000
PC: 0x00000038
Inst read 00000038 : 40000033
write 88888000 into  6
Data read 00000000 : 00000000
PC: 0x0000003c
Inst read 0000003c : 40530433
Data read 00000000 : 00000000
PC: 0x00000040
Inst read 00000040 : 405304b3
Data read 00000000 : 00000000
PC: 0x00000044
Inst read 00000044 : 0080006f
Data read 00000000 : 00000000
PC: 0x00000048
Inst read 00000048 : 00007033
Data read 00000000 : 00000000
PC: 0x0000004c
Inst read 0000004c : 0072f533
write 88888000 into  8
Data read 00000000 : 00000000
PC: 0x00000048
Inst read 00000048 : 00007033
write 88888000 into  9
Data read 00000000 : 00000000
PC: 0x0000004c
Inst read 0000004c : 0072f533
Data read 00000000 : 00000000
PC: 0x00000050
Inst read 00000050 : 00157593
Data read 00000000 : 00000000
PC: 0x00000054
Inst read 00000054 : 00b51463
Data read 00000000 : 00000000
PC: 0x00000058
Inst read 00000058 : 00006033
Data read 00000000 : 00000000
PC: 0x0000005c
Inst read 0000005c : 00a5e5b3
write 00000000 into 10
Data read 00000000 : 00000000
PC: 0x00000060
Inst read 00000060 : 0015e513
write 00000000 into 11
Data read 00000000 : 00000000
PC: 0x00000064
Inst read 00000064 : 00558463
Data read 00000000 : 00000000
PC: 0x00000068
Inst read 00000068 : 00004033
Data read 00000000 : 00000000
PC: 0x0000006c
Inst read 0000006c : 00a5c633
write 00000000 into 11
Data read 00000000 : 00000000
PC: 0x00000068
Inst read 00000068 : 00004033
write 00000001 into 10
Data read 00000000 : 00000000
PC: 0x0000006c
Inst read 0000006c : 00a5c633
Data read 00000000 : 00000000
PC: 0x00000070
Inst read 00000070 : 00164613
Data read 00000000 : 00000000
PC: 0x00000074
Inst read 00000074 : 00b61463
Data read 00000000 : 00000000
PC: 0x00000078
Inst read 00000078 : 00000013
Data read 00000000 : 00000000
PC: 0x0000007c
Inst read 0000007c : 0012d293
write 00000001 into 12
Data read 00000000 : 00000000
PC: 0x00000080
Inst read 00000080 : 00060463
write 00000000 into 12
Data read 00000000 : 00000000
PC: 0x00000084
Inst read 00000084 : 40000033
Data read 00000000 : 00000000
PC: 0x00000088
Inst read 00000088 : 00129293
Data read 00000000 : 00000000
PC: 0x00000084
Inst read 00000084 : 40000033
write 00000000 into  5
Data read 00000000 : 00000000
PC: 0x00000088
Inst read 00000088 : 00129293
Data read 00000000 : 00000000
PC: 0x0000008c
Inst read 0000008c : 00b28463
Data read 00000000 : 00000000
PC: 0x00000090
Inst read 00000090 : 00000013
Data read 00000000 : 00000000
PC: 0x00000094
Inst read 00000094 : 001026b3
Data read 00000000 : 00000000
PC: 0x00000090
Inst read 00000090 : 00000013
write 00000000 into  5
Data read 00000000 : 00000000
PC: 0x00000094
Inst read 00000094 : 001026b3
Data read 00000000 : 00000000
PC: 0x00000098
Inst read 00000098 : 00503733
Data read 00000000 : 00000000
PC: 0x0000009c
Inst read 0000009c : f65ff06f
Data read 00000000 : 00000000
PC: 0x000000a0
WARNING: PC OUT OF BOUND of 000000a0
Inst read 000000a0 : 00000000
Data read 00000000 : 00000000
PC: 0x000000a4
WARNING: PC OUT OF BOUND of 000000a4
Inst read 000000a4 : 00000000
write 00000000 into 13
Data read 00000000 : 00000000
PC: 0xfffffffc
WARNING: PC OUT OF BOUND of fffffffc
Inst read fffffffc : 00000001
write 00000000 into 14
Data read 00000000 : 00000000
PC: 0x00000000
Inst read 00000000 : 00007293
Data read 00000000 : 00000000
PC: 0x00000004
Inst read 00000004 : 00007313
Data read 00000000 : 00000000
PC: 0x00000008
Inst read 00000008 : 88888137
Data read 00000000 : 00000000
PC: 0x0000000c
Inst read 0000000c : 00832183
Data read 00000000 : 00000000
PC: 0x00000010
Inst read 00000010 : 0032a223
write 00000000 into  5
Data read 00000000 : 00000000
PC: 0x00000014
Inst read 00000014 : 00402083
write 00000000 into  6
Data read 00000000 : 00000000
PC: 0x00000018
Inst read 00000018 : 01c02383
write 88888000 into  2
Data read 00000002 : 80000000
PC: 0x0000001c
Inst read 0000001c : 00338863
write 80000000 into  3
Data read 00000001 : 80000000
Data write 00000001 : 80000000
PC: 0x00000020
Inst read 00000020 : 555550b7
Data read 00000001 : 80000000
PC: 0x00000024
Inst read 00000024 : 0070a0b3
write 80000000 into  1
Data read 00000007 : 00000000
PC: 0x00000028
Inst read 00000028 : fe0098e3
write 00000000 into  7
Data read 00000000 : 00000000
PC: 0x0000002c
Inst read 0000002c : 007282b3
Data read 00000000 : 00000000
PC: 0x00000030
Inst read 00000030 : 00230333
write 55555000 into  1
Data read 00000000 : 00000000
PC: 0x00000034
Inst read 00000034 : 00531463
write 00000000 into  1
Data read 00000000 : 00000000
PC: 0x00000038
Inst read 00000038 : 40000033
Data read 00000000 : 00000000
PC: 0x0000003c
Inst read 0000003c : 40530433
write 00000000 into  5
Data read 00000000 : 00000000
PC: 0x00000038
Inst read 00000038 : 40000033
write 88888000 into  6
Data read 00000000 : 00000000
PC: 0x0000003c
Inst read 0000003c : 40530433
Data read 00000000 : 00000000
PC: 0x00000040
Inst read 00000040 : 405304b3
Data read 00000000 : 00000000
PC: 0x00000044
Inst read 00000044 : 0080006f
Data read 00000000 : 00000000
PC: 0x00000048
Inst read 00000048 : 00007033
Data read 00000000 : 00000000
PC: 0x0000004c
Inst read 0000004c : 0072f533
write 88888000 into  8
Data read 00000000 : 00000000
PC: 0x00000048
Inst read 00000048 : 00007033
write 88888000 into  9
Data read 00000000 : 00000000
PC: 0x0000004c
Inst read 0000004c : 0072f533
Data read 00000000 : 00000000
PC: 0x00000050
Inst read 00000050 : 00157593
Data read 00000000 : 00000000
PC: 0x00000054
Inst read 00000054 : 00b51463
Data read 00000000 : 00000000
PC: 0x00000058
Inst read 00000058 : 00006033
Data read 00000000 : 00000000
PC: 0x0000005c
Inst read 0000005c : 00a5e5b3
write 00000000 into 10
Data read 00000000 : 00000000
PC: 0x00000060
Inst read 00000060 : 0015e513
write 00000000 into 11
Data read 00000000 : 00000000
PC: 0x00000064
Inst read 00000064 : 00558463
Data read 00000000 : 00000000
PC: 0x00000068
Inst read 00000068 : 00004033
Data read 00000000 : 00000000
PC: 0x0000006c
Inst read 0000006c : 00a5c633
write 00000000 into 11
Data read 00000000 : 00000000
PC: 0x00000068
Inst read 00000068 : 00004033
write 00000001 into 10
Data read 00000000 : 00000000
PC: 0x0000006c
Inst read 0000006c : 00a5c633
Data read 00000000 : 00000000
PC: 0x00000070
Inst read 00000070 : 00164613
Data read 00000000 : 00000000
PC: 0x00000074
Inst read 00000074 : 00b61463
Data read 00000000 : 00000000
PC: 0x00000078
Inst read 00000078 : 00000013
Data read 00000000 : 00000000
PC: 0x0000007c
Inst read 0000007c : 0012d293
write 00000001 into 12
Data read 00000000 : 00000000
PC: 0x00000080
Inst read 00000080 : 00060463
write 00000000 into 12
Data read 00000000 : 00000000
PC: 0x00000084
Inst read 00000084 : 40000033
Data read 00000000 : 00000000
PC: 0x00000088
Inst read 00000088 : 00129293
Data read 00000000 : 00000000
PC: 0x00000084
Inst read 00000084 : 40000033
write 00000000 into  5
Data read 00000000 : 00000000
PC: 0x00000088
Inst read 00000088 : 00129293
Data read 00000000 : 00000000
PC: 0x0000008c
Inst read 0000008c : 00b28463
Data read 00000000 : 00000000
PC: 0x00000090
Inst read 00000090 : 00000013
Data read 00000000 : 00000000
PC: 0x00000094
Inst read 00000094 : 001026b3
Data read 00000000 : 00000000
PC: 0x00000090
Inst read 00000090 : 00000013
write 00000000 into  5
Data read 00000000 : 00000000
PC: 0x00000094
Inst read 00000094 : 001026b3
Data read 00000000 : 00000000
PC: 0x00000098
Inst read 00000098 : 00503733
Data read 00000000 : 00000000
PC: 0x0000009c
Inst read 0000009c : f65ff06f
Data read 00000000 : 00000000
PC: 0x000000a0
WARNING: PC OUT OF BOUND of 000000a0
Inst read 000000a0 : 00000000
Data read 00000000 : 00000000
PC: 0x000000a4
WARNING: PC OUT OF BOUND of 000000a4
Inst read 000000a4 : 00000000
write 00000000 into 13
Data read 00000000 : 00000000
PC: 0xfffffffc
WARNING: PC OUT OF BOUND of fffffffc
Inst read fffffffc : 00000001
write 00000000 into 14
Data read 00000000 : 00000000
PC: 0x00000000
Inst read 00000000 : 00007293
Data read 00000000 : 00000000
PC: 0x00000004
Inst read 00000004 : 00007313
Data read 00000000 : 00000000
PC: 0x00000008
Inst read 00000008 : 88888137
Data read 00000000 : 00000000
PC: 0x0000000c
Inst read 0000000c : 00832183
Data read 00000000 : 00000000
PC: 0x00000010
Inst read 00000010 : 0032a223
write 00000000 into  5
Data read 00000000 : 00000000
PC: 0x00000014
Inst read 00000014 : 00402083
write 00000000 into  6
Data read 00000000 : 00000000
PC: 0x00000018
Inst read 00000018 : 01c02383
write 88888000 into  2
Data read 00000002 : 80000000
PC: 0x0000001c
Inst read 0000001c : 00338863
write 80000000 into  3
Data read 00000001 : 80000000
Data write 00000001 : 80000000
PC: 0x00000020
Inst read 00000020 : 555550b7
Data read 00000001 : 80000000
PC: 0x00000024
Inst read 00000024 : 0070a0b3
write 80000000 into  1
Data read 00000007 : 00000000
PC: 0x00000028
Inst read 00000028 : fe0098e3
write 00000000 into  7
Data read 00000000 : 00000000
PC: 0x0000002c
Inst read 0000002c : 007282b3
Data read 00000000 : 00000000
PC: 0x00000030
Inst read 00000030 : 00230333
write 55555000 into  1
Data read 00000000 : 00000000
PC: 0x00000034
Inst read 00000034 : 00531463
write 00000000 into  1
Data read 00000000 : 00000000
PC: 0x00000038
Inst read 00000038 : 40000033
Data read 00000000 : 00000000
PC: 0x0000003c
Inst read 0000003c : 40530433
write 00000000 into  5
Data read 00000000 : 00000000
PC: 0x00000038
Inst read 00000038 : 40000033
write 88888000 into  6
Data read 00000000 : 00000000
PC: 0x0000003c
Inst read 0000003c : 40530433
Data read 00000000 : 00000000
PC: 0x00000040
Inst read 00000040 : 405304b3
Data read 00000000 : 00000000
PC: 0x00000044
Inst read 00000044 : 0080006f
Data read 00000000 : 00000000
PC: 0x00000048
Inst read 00000048 : 00007033
Data read 00000000 : 00000000
PC: 0x0000004c
Inst read 0000004c : 0072f533
write 88888000 into  8
Data read 00000000 : 00000000
PC: 0x00000048
Inst read 00000048 : 00007033
write 88888000 into  9
Data read 00000000 : 00000000
PC: 0x0000004c
Inst read 0000004c : 0072f533
Data read 00000000 : 00000000
PC: 0x00000050
Inst read 00000050 : 00157593
Data read 00000000 : 00000000
PC: 0x00000054
Inst read 00000054 : 00b51463
Data read 00000000 : 00000000
PC: 0x00000058
Inst read 00000058 : 00006033
Data read 00000000 : 00000000
PC: 0x0000005c
Inst read 0000005c : 00a5e5b3
write 00000000 into 10
Data read 00000000 : 00000000
PC: 0x00000060
Inst read 00000060 : 0015e513
write 00000000 into 11
Data read 00000000 : 00000000
PC: 0x00000064
Inst read 00000064 : 00558463
Data read 00000000 : 00000000
PC: 0x00000068
Inst read 00000068 : 00004033
Data read 00000000 : 00000000
PC: 0x0000006c
Inst read 0000006c : 00a5c633
write 00000000 into 11
Data read 00000000 : 00000000
PC: 0x00000068
Inst read 00000068 : 00004033
write 00000001 into 10
Data read 00000000 : 00000000
PC: 0x0000006c
Inst read 0000006c : 00a5c633
Data read 00000000 : 00000000
PC: 0x00000070
Inst read 00000070 : 00164613
Data read 00000000 : 00000000
PC: 0x00000074
Inst read 00000074 : 00b61463
Data read 00000000 : 00000000
PC: 0x00000078
Inst read 00000078 : 00000013
Data read 00000000 : 00000000
PC: 0x0000007c
Inst read 0000007c : 0012d293
write 00000001 into 12
Data read 00000000 : 00000000
PC: 0x00000080
Inst read 00000080 : 00060463
write 00000000 into 12
Data read 00000000 : 00000000
PC: 0x00000084
Inst read 00000084 : 40000033
Data read 00000000 : 00000000
PC: 0x00000088
Inst read 00000088 : 00129293
Data read 00000000 : 00000000
PC: 0x00000084
Inst read 00000084 : 40000033
write 00000000 into  5
Data read 00000000 : 00000000
PC: 0x00000088
Inst read 00000088 : 00129293
Data read 00000000 : 00000000
PC: 0x0000008c
Inst read 0000008c : 00b28463
Data read 00000000 : 00000000
PC: 0x00000090
Inst read 00000090 : 00000013
Data read 00000000 : 00000000
PC: 0x00000094
Inst read 00000094 : 001026b3
Data read 00000000 : 00000000
PC: 0x00000090
Inst read 00000090 : 00000013
write 00000000 into  5
Data read 00000000 : 00000000
PC: 0x00000094
Inst read 00000094 : 001026b3
Data read 00000000 : 00000000
PC: 0x00000098
Inst read 00000098 : 00503733
Data read 00000000 : 00000000
PC: 0x0000009c
Inst read 0000009c : f65ff06f
Data read 00000000 : 00000000
PC: 0x000000a0
WARNING: PC OUT OF BOUND of 000000a0
Inst read 000000a0 : 00000000
Data read 00000000 : 00000000
PC: 0x000000a4
WARNING: PC OUT OF BOUND of 000000a4
Inst read 000000a4 : 00000000
write 00000000 into 13
Data read 00000000 : 00000000
PC: 0xfffffffc
WARNING: PC OUT OF BOUND of fffffffc
Inst read fffffffc : 00000001
write 00000000 into 14
Data read 00000000 : 00000000
PC: 0x00000000
Inst read 00000000 : 00007293
Data read 00000000 : 00000000
PC: 0x00000004
Inst read 00000004 : 00007313
Data read 00000000 : 00000000
PC: 0x00000008
Inst read 00000008 : 88888137
Data read 00000000 : 00000000
PC: 0x0000000c
Inst read 0000000c : 00832183
Data read 00000000 : 00000000
PC: 0x00000010
Inst read 00000010 : 0032a223
write 00000000 into  5
Data read 00000000 : 00000000
PC: 0x00000014
Inst read 00000014 : 00402083
write 00000000 into  6
Data read 00000000 : 00000000
PC: 0x00000018
Inst read 00000018 : 01c02383
write 88888000 into  2
Data read 00000002 : 80000000
PC: 0x0000001c
Inst read 0000001c : 00338863
write 80000000 into  3
Data read 00000001 : 80000000
Data write 00000001 : 80000000
PC: 0x00000020
Inst read 00000020 : 555550b7
Data read 00000001 : 80000000
PC: 0x00000024
Inst read 00000024 : 0070a0b3
write 80000000 into  1
Data read 00000007 : 00000000
PC: 0x00000028
Inst read 00000028 : fe0098e3
write 00000000 into  7
Data read 00000000 : 00000000
PC: 0x0000002c
Inst read 0000002c : 007282b3
Data read 00000000 : 00000000
PC: 0x00000030
Inst read 00000030 : 00230333
write 55555000 into  1
Data read 00000000 : 00000000
PC: 0x00000034
Inst read 00000034 : 00531463
write 00000000 into  1
Data read 00000000 : 00000000
PC: 0x00000038
Inst read 00000038 : 40000033
Data read 00000000 : 00000000
PC: 0x0000003c
Inst read 0000003c : 40530433
write 00000000 into  5
Data read 00000000 : 00000000
PC: 0x00000038
Inst read 00000038 : 40000033
write 88888000 into  6
Data read 00000000 : 00000000
PC: 0x0000003c
Inst read 0000003c : 40530433
Data read 00000000 : 00000000
PC: 0x00000040
Inst read 00000040 : 405304b3
Data read 00000000 : 00000000
PC: 0x00000044
Inst read 00000044 : 0080006f
Data read 00000000 : 00000000
PC: 0x00000048
Inst read 00000048 : 00007033
Data read 00000000 : 00000000
PC: 0x0000004c
Inst read 0000004c : 0072f533
write 88888000 into  8
Data read 00000000 : 00000000
PC: 0x00000048
Inst read 00000048 : 00007033
write 88888000 into  9
Data read 00000000 : 00000000
PC: 0x0000004c
Inst read 0000004c : 0072f533
Data read 00000000 : 00000000
PC: 0x00000050
Inst read 00000050 : 00157593
Data read 00000000 : 00000000
PC: 0x00000054
Inst read 00000054 : 00b51463
Data read 00000000 : 00000000
PC: 0x00000058
Inst read 00000058 : 00006033
Data read 00000000 : 00000000
PC: 0x0000005c
Inst read 0000005c : 00a5e5b3
write 00000000 into 10
Data read 00000000 : 00000000
PC: 0x00000060
Inst read 00000060 : 0015e513
write 00000000 into 11
Data read 00000000 : 00000000
PC: 0x00000064
Inst read 00000064 : 00558463
Data read 00000000 : 00000000
PC: 0x00000068
Inst read 00000068 : 00004033
Data read 00000000 : 00000000
PC: 0x0000006c
Inst read 0000006c : 00a5c633
write 00000000 into 11
Data read 00000000 : 00000000
PC: 0x00000068
Inst read 00000068 : 00004033
write 00000001 into 10
Data read 00000000 : 00000000
PC: 0x0000006c
Inst read 0000006c : 00a5c633
Data read 00000000 : 00000000
PC: 0x00000070
Inst read 00000070 : 00164613
Data read 00000000 : 00000000
PC: 0x00000074
Inst read 00000074 : 00b61463
Data read 00000000 : 00000000
PC: 0x00000078
Inst read 00000078 : 00000013
Data read 00000000 : 00000000
PC: 0x0000007c
Inst read 0000007c : 0012d293
write 00000001 into 12
Data read 00000000 : 00000000
PC: 0x00000080
Inst read 00000080 : 00060463
write 00000000 into 12
Data read 00000000 : 00000000
PC: 0x00000084
Inst read 00000084 : 40000033
Data read 00000000 : 00000000
PC: 0x00000088
Inst read 00000088 : 00129293
Data read 00000000 : 00000000
PC: 0x00000084
Inst read 00000084 : 40000033
write 00000000 into  5
Data read 00000000 : 00000000
PC: 0x00000088
Inst read 00000088 : 00129293
Data read 00000000 : 00000000
PC: 0x0000008c
Inst read 0000008c : 00b28463
Data read 00000000 : 00000000
PC: 0x00000090
Inst read 00000090 : 00000013
Data read 00000000 : 00000000
PC: 0x00000094
Inst read 00000094 : 001026b3
Data read 00000000 : 00000000
PC: 0x00000090
Inst read 00000090 : 00000013
write 00000000 into  5
Data read 00000000 : 00000000
PC: 0x00000094
Inst read 00000094 : 001026b3
Data read 00000000 : 00000000
PC: 0x00000098
Inst read 00000098 : 00503733
Data read 00000000 : 00000000
PC: 0x0000009c
Inst read 0000009c : f65ff06f
Data read 00000000 : 00000000
PC: 0x000000a0
WARNING: PC OUT OF BOUND of 000000a0
Inst read 000000a0 : 00000000
Data read 00000000 : 00000000
PC: 0x000000a4
WARNING: PC OUT OF BOUND of 000000a4
Inst read 000000a4 : 00000000
write 00000000 into 13
Data read 00000000 : 00000000
PC: 0xfffffffc
WARNING: PC OUT OF BOUND of fffffffc
Inst read fffffffc : 00000001
write 00000000 into 14
Data read 00000000 : 00000000
PC: 0x00000000
Inst read 00000000 : 00007293
Data read 00000000 : 00000000
PC: 0x00000004
Inst read 00000004 : 00007313
Data read 00000000 : 00000000
PC: 0x00000008
Inst read 00000008 : 88888137
Data read 00000000 : 00000000
PC: 0x0000000c
Inst read 0000000c : 00832183
Data read 00000000 : 00000000
PC: 0x00000010
Inst read 00000010 : 0032a223
write 00000000 into  5
Data read 00000000 : 00000000
PC: 0x00000014
Inst read 00000014 : 00402083
write 00000000 into  6
Data read 00000000 : 00000000
PC: 0x00000018
Inst read 00000018 : 01c02383
write 88888000 into  2
Data read 00000002 : 80000000
PC: 0x0000001c
Inst read 0000001c : 00338863
write 80000000 into  3
Data read 00000001 : 80000000
Data write 00000001 : 80000000
PC: 0x00000020
Inst read 00000020 : 555550b7
Data read 00000001 : 80000000
PC: 0x00000024
Inst read 00000024 : 0070a0b3
write 80000000 into  1
Data read 00000007 : 00000000
PC: 0x00000028
Inst read 00000028 : fe0098e3
write 00000000 into  7
Data read 00000000 : 00000000
PC: 0x0000002c
Inst read 0000002c : 007282b3
Data read 00000000 : 00000000
PC: 0x00000030
Inst read 00000030 : 00230333
write 55555000 into  1
Data read 00000000 : 00000000
PC: 0x00000034
Inst read 00000034 : 00531463
write 00000000 into  1
Data read 00000000 : 00000000
PC: 0x00000038
Inst read 00000038 : 40000033
Data read 00000000 : 00000000
PC: 0x0000003c
Inst read 0000003c : 40530433
write 00000000 into  5
Data read 00000000 : 00000000
PC: 0x00000038
Inst read 00000038 : 40000033
write 88888000 into  6
Data read 00000000 : 00000000
PC: 0x0000003c
Inst read 0000003c : 40530433
Data read 00000000 : 00000000
PC: 0x00000040
Inst read 00000040 : 405304b3
Data read 00000000 : 00000000
PC: 0x00000044
Inst read 00000044 : 0080006f
Data read 00000000 : 00000000
PC: 0x00000048
Inst read 00000048 : 00007033
Data read 00000000 : 00000000
PC: 0x0000004c
Inst read 0000004c : 0072f533
write 88888000 into  8
Data read 00000000 : 00000000
PC: 0x00000048
Inst read 00000048 : 00007033
write 88888000 into  9
Data read 00000000 : 00000000
PC: 0x0000004c
Inst read 0000004c : 0072f533
Data read 00000000 : 00000000
PC: 0x00000050
Inst read 00000050 : 00157593
Data read 00000000 : 00000000
PC: 0x00000054
Inst read 00000054 : 00b51463
Data read 00000000 : 00000000
PC: 0x00000058
Inst read 00000058 : 00006033
Data read 00000000 : 00000000
PC: 0x0000005c
Inst read 0000005c : 00a5e5b3
write 00000000 into 10
Data read 00000000 : 00000000
PC: 0x00000060
Inst read 00000060 : 0015e513
write 00000000 into 11
Data read 00000000 : 00000000
PC: 0x00000064
Inst read 00000064 : 00558463
Data read 00000000 : 00000000
PC: 0x00000068
Inst read 00000068 : 00004033
Data read 00000000 : 00000000
PC: 0x0000006c
Inst read 0000006c : 00a5c633
write 00000000 into 11
Data read 00000000 : 00000000
PC: 0x00000068
Inst read 00000068 : 00004033
write 00000001 into 10
Data read 00000000 : 00000000
PC: 0x0000006c
Inst read 0000006c : 00a5c633
Data read 00000000 : 00000000
PC: 0x00000070
Inst read 00000070 : 00164613
Data read 00000000 : 00000000
PC: 0x00000074
Inst read 00000074 : 00b61463
Data read 00000000 : 00000000
PC: 0x00000078
Inst read 00000078 : 00000013
Data read 00000000 : 00000000
PC: 0x0000007c
Inst read 0000007c : 0012d293
write 00000001 into 12
Data read 00000000 : 00000000
PC: 0x00000080
Inst read 00000080 : 00060463
write 00000000 into 12
Data read 00000000 : 00000000
PC: 0x00000084
Inst read 00000084 : 40000033
Data read 00000000 : 00000000
PC: 0x00000088
Inst read 00000088 : 00129293
Data read 00000000 : 00000000
PC: 0x00000084
Inst read 00000084 : 40000033
write 00000000 into  5
Data read 00000000 : 00000000
PC: 0x00000088
Inst read 00000088 : 00129293
Data read 00000000 : 00000000
PC: 0x0000008c
Inst read 0000008c : 00b28463
Data read 00000000 : 00000000
PC: 0x00000090
Inst read 00000090 : 00000013
Data read 00000000 : 00000000
PC: 0x00000094
Inst read 00000094 : 001026b3
Data read 00000000 : 00000000
PC: 0x00000090
Inst read 00000090 : 00000013
write 00000000 into  5
Data read 00000000 : 00000000
PC: 0x00000094
Inst read 00000094 : 001026b3
Data read 00000000 : 00000000
PC: 0x00000098
Inst read 00000098 : 00503733
Data read 00000000 : 00000000
PC: 0x0000009c
Inst read 0000009c : f65ff06f
Data read 00000000 : 00000000
PC: 0x000000a0
WARNING: PC OUT OF BOUND of 000000a0
Inst read 000000a0 : 00000000
Data read 00000000 : 00000000
PC: 0x000000a4
WARNING: PC OUT OF BOUND of 000000a4
Inst read 000000a4 : 00000000
write 00000000 into 13
Data read 00000000 : 00000000
PC: 0xfffffffc
WARNING: PC OUT OF BOUND of fffffffc
Inst read fffffffc : 00000001
write 00000000 into 14
Data read 00000000 : 00000000
PC: 0x00000000
Inst read 00000000 : 00007293
Data read 00000000 : 00000000
PC: 0x00000004
Inst read 00000004 : 00007313
Data read 00000000 : 00000000
PC: 0x00000008
Inst read 00000008 : 88888137
Data read 00000000 : 00000000
PC: 0x0000000c
Inst read 0000000c : 00832183
Data read 00000000 : 00000000
PC: 0x00000010
Inst read 00000010 : 0032a223
write 00000000 into  5
Data read 00000000 : 00000000
PC: 0x00000014
Inst read 00000014 : 00402083
write 00000000 into  6
Data read 00000000 : 00000000
PC: 0x00000018
Inst read 00000018 : 01c02383
write 88888000 into  2
Data read 00000002 : 80000000
PC: 0x0000001c
Inst read 0000001c : 00338863
write 80000000 into  3
Data read 00000001 : 80000000
Data write 00000001 : 80000000
PC: 0x00000020
Inst read 00000020 : 555550b7
Data read 00000001 : 80000000
PC: 0x00000024
Inst read 00000024 : 0070a0b3
write 80000000 into  1
Data read 00000007 : 00000000
PC: 0x00000028
Inst read 00000028 : fe0098e3
write 00000000 into  7
Data read 00000000 : 00000000
PC: 0x0000002c
Inst read 0000002c : 007282b3
Data read 00000000 : 00000000
PC: 0x00000030
Inst read 00000030 : 00230333
write 55555000 into  1
Data read 00000000 : 00000000
PC: 0x00000034
Inst read 00000034 : 00531463
write 00000000 into  1
Data read 00000000 : 00000000
PC: 0x00000038
Inst read 00000038 : 40000033
Data read 00000000 : 00000000
PC: 0x0000003c
Inst read 0000003c : 40530433
write 00000000 into  5
Data read 00000000 : 00000000
PC: 0x00000038
Inst read 00000038 : 40000033
write 88888000 into  6
Data read 00000000 : 00000000
PC: 0x0000003c
Inst read 0000003c : 40530433
Data read 00000000 : 00000000
PC: 0x00000040
Inst read 00000040 : 405304b3
Data read 00000000 : 00000000
PC: 0x00000044
Inst read 00000044 : 0080006f
Data read 00000000 : 00000000
PC: 0x00000048
Inst read 00000048 : 00007033
Data read 00000000 : 00000000
PC: 0x0000004c
Inst read 0000004c : 0072f533
write 88888000 into  8
Data read 00000000 : 00000000
PC: 0x00000048
Inst read 00000048 : 00007033
write 88888000 into  9
Data read 00000000 : 00000000
PC: 0x0000004c
Inst read 0000004c : 0072f533
Data read 00000000 : 00000000
PC: 0x00000050
Inst read 00000050 : 00157593
Data read 00000000 : 00000000
PC: 0x00000054
Inst read 00000054 : 00b51463
Data read 00000000 : 00000000
PC: 0x00000058
Inst read 00000058 : 00006033
Data read 00000000 : 00000000
PC: 0x0000005c
Inst read 0000005c : 00a5e5b3
write 00000000 into 10
Data read 00000000 : 00000000
PC: 0x00000060
Inst read 00000060 : 0015e513
write 00000000 into 11
Data read 00000000 : 00000000
PC: 0x00000064
Inst read 00000064 : 00558463
Data read 00000000 : 00000000
PC: 0x00000068
Inst read 00000068 : 00004033
Data read 00000000 : 00000000
PC: 0x0000006c
Inst read 0000006c : 00a5c633
write 00000000 into 11
Data read 00000000 : 00000000
PC: 0x00000068
Inst read 00000068 : 00004033
write 00000001 into 10
Data read 00000000 : 00000000
PC: 0x0000006c
Inst read 0000006c : 00a5c633
Data read 00000000 : 00000000
PC: 0x00000070
Inst read 00000070 : 00164613
Data read 00000000 : 00000000
PC: 0x00000074
Inst read 00000074 : 00b61463
Data read 00000000 : 00000000
PC: 0x00000078
Inst read 00000078 : 00000013
Data read 00000000 : 00000000
PC: 0x0000007c
Inst read 0000007c : 0012d293
write 00000001 into 12
Data read 00000000 : 00000000
PC: 0x00000080
Inst read 00000080 : 00060463
write 00000000 into 12
Data read 00000000 : 00000000
PC: 0x00000084
Inst read 00000084 : 40000033
Data read 00000000 : 00000000
PC: 0x00000088
Inst read 00000088 : 00129293
Data read 00000000 : 00000000
PC: 0x00000084
Inst read 00000084 : 40000033
write 00000000 into  5
Data read 00000000 : 00000000
PC: 0x00000088
Inst read 00000088 : 00129293
Data read 00000000 : 00000000
PC: 0x0000008c
Inst read 0000008c : 00b28463
Data read 00000000 : 00000000
PC: 0x00000090
Inst read 00000090 : 00000013
Data read 00000000 : 00000000
PC: 0x00000094
Inst read 00000094 : 001026b3
Data read 00000000 : 00000000
PC: 0x00000090
Inst read 00000090 : 00000013
write 00000000 into  5
Data read 00000000 : 00000000
PC: 0x00000094
Inst read 00000094 : 001026b3
Data read 00000000 : 00000000
PC: 0x00000098
Inst read 00000098 : 00503733
Data read 00000000 : 00000000
PC: 0x0000009c
Inst read 0000009c : f65ff06f
Data read 00000000 : 00000000
PC: 0x000000a0
WARNING: PC OUT OF BOUND of 000000a0
Inst read 000000a0 : 00000000
Data read 00000000 : 00000000
PC: 0x000000a4
WARNING: PC OUT OF BOUND of 000000a4
Inst read 000000a4 : 00000000
write 00000000 into 13
Data read 00000000 : 00000000
PC: 0xfffffffc
WARNING: PC OUT OF BOUND of fffffffc
Inst read fffffffc : 00000001
write 00000000 into 14
Data read 00000000 : 00000000
PC: 0x00000000
Inst read 00000000 : 00007293
Data read 00000000 : 00000000
PC: 0x00000004
Inst read 00000004 : 00007313
Data read 00000000 : 00000000
PC: 0x00000008
Inst read 00000008 : 88888137
Data read 00000000 : 00000000
PC: 0x0000000c
Inst read 0000000c : 00832183
Data read 00000000 : 00000000
PC: 0x00000010
Inst read 00000010 : 0032a223
write 00000000 into  5
Data read 00000000 : 00000000
PC: 0x00000014
Inst read 00000014 : 00402083
write 00000000 into  6
Data read 00000000 : 00000000
PC: 0x00000018
Inst read 00000018 : 01c02383
write 88888000 into  2
Data read 00000002 : 80000000
PC: 0x0000001c
Inst read 0000001c : 00338863
write 80000000 into  3
Data read 00000001 : 80000000
Data write 00000001 : 80000000
PC: 0x00000020
Inst read 00000020 : 555550b7
Data read 00000001 : 80000000
PC: 0x00000024
Inst read 00000024 : 0070a0b3
write 80000000 into  1
Data read 00000007 : 00000000
PC: 0x00000028
Inst read 00000028 : fe0098e3
write 00000000 into  7
Data read 00000000 : 00000000
PC: 0x0000002c
Inst read 0000002c : 007282b3
Data read 00000000 : 00000000
PC: 0x00000030
Inst read 00000030 : 00230333
write 55555000 into  1
Data read 00000000 : 00000000
PC: 0x00000034
Inst read 00000034 : 00531463
write 00000000 into  1
Data read 00000000 : 00000000
PC: 0x00000038
Inst read 00000038 : 40000033
Data read 00000000 : 00000000
PC: 0x0000003c
Inst read 0000003c : 40530433
write 00000000 into  5
Data read 00000000 : 00000000
PC: 0x00000038
Inst read 00000038 : 40000033
write 88888000 into  6
Data read 00000000 : 00000000
PC: 0x0000003c
Inst read 0000003c : 40530433
Data read 00000000 : 00000000
PC: 0x00000040
Inst read 00000040 : 405304b3
Data read 00000000 : 00000000
PC: 0x00000044
Inst read 00000044 : 0080006f
Data read 00000000 : 00000000
PC: 0x00000048
Inst read 00000048 : 00007033
Data read 00000000 : 00000000
PC: 0x0000004c
Inst read 0000004c : 0072f533
write 88888000 into  8
Data read 00000000 : 00000000
PC: 0x00000048
Inst read 00000048 : 00007033
write 88888000 into  9
Data read 00000000 : 00000000
PC: 0x0000004c
Inst read 0000004c : 0072f533
Data read 00000000 : 00000000
PC: 0x00000050
Inst read 00000050 : 00157593
Data read 00000000 : 00000000
PC: 0x00000054
Inst read 00000054 : 00b51463
Data read 00000000 : 00000000
PC: 0x00000058
Inst read 00000058 : 00006033
Data read 00000000 : 00000000
PC: 0x0000005c
Inst read 0000005c : 00a5e5b3
write 00000000 into 10
Data read 00000000 : 00000000
PC: 0x00000060
Inst read 00000060 : 0015e513
write 00000000 into 11
Data read 00000000 : 00000000
PC: 0x00000064
Inst read 00000064 : 00558463
Data read 00000000 : 00000000
PC: 0x00000068
Inst read 00000068 : 00004033
Data read 00000000 : 00000000
PC: 0x0000006c
Inst read 0000006c : 00a5c633
write 00000000 into 11
Data read 00000000 : 00000000
PC: 0x00000068
Inst read 00000068 : 00004033
write 00000001 into 10
Data read 00000000 : 00000000
PC: 0x0000006c
Inst read 0000006c : 00a5c633
Data read 00000000 : 00000000
PC: 0x00000070
Inst read 00000070 : 00164613
Data read 00000000 : 00000000
PC: 0x00000074
Inst read 00000074 : 00b61463
Data read 00000000 : 00000000
PC: 0x00000078
Inst read 00000078 : 00000013
Data read 00000000 : 00000000
PC: 0x0000007c
Inst read 0000007c : 0012d293
write 00000001 into 12
Data read 00000000 : 00000000
PC: 0x00000080
Inst read 00000080 : 00060463
write 00000000 into 12
Data read 00000000 : 00000000
PC: 0x00000084
Inst read 00000084 : 40000033
Data read 00000000 : 00000000
PC: 0x00000088
Inst read 00000088 : 00129293
Data read 00000000 : 00000000
PC: 0x00000084
Inst read 00000084 : 40000033
write 00000000 into  5
Data read 00000000 : 00000000
PC: 0x00000088
Inst read 00000088 : 00129293
Data read 00000000 : 00000000
PC: 0x0000008c
Inst read 0000008c : 00b28463
Data read 00000000 : 00000000
PC: 0x00000090
Inst read 00000090 : 00000013
Data read 00000000 : 00000000
PC: 0x00000094
Inst read 00000094 : 001026b3
Data read 00000000 : 00000000
PC: 0x00000090
Inst read 00000090 : 00000013
write 00000000 into  5
Data read 00000000 : 00000000
PC: 0x00000094
Inst read 00000094 : 001026b3
Data read 00000000 : 00000000
PC: 0x00000098
Inst read 00000098 : 00503733
Data read 00000000 : 00000000
PC: 0x0000009c
Inst read 0000009c : f65ff06f
Data read 00000000 : 00000000
PC: 0x000000a0
WARNING: PC OUT OF BOUND of 000000a0
Inst read 000000a0 : 00000000
Data read 00000000 : 00000000
PC: 0x000000a4
WARNING: PC OUT OF BOUND of 000000a4
Inst read 000000a4 : 00000000
write 00000000 into 13
Data read 00000000 : 00000000
PC: 0xfffffffc
WARNING: PC OUT OF BOUND of fffffffc
Inst read fffffffc : 00000001
write 00000000 into 14
Data read 00000000 : 00000000
PC: 0x00000000
Inst read 00000000 : 00007293
Data read 00000000 : 00000000
PC: 0x00000004
Inst read 00000004 : 00007313
Data read 00000000 : 00000000
PC: 0x00000008
Inst read 00000008 : 88888137
Data read 00000000 : 00000000
PC: 0x0000000c
Inst read 0000000c : 00832183
Data read 00000000 : 00000000
PC: 0x00000010
Inst read 00000010 : 0032a223
write 00000000 into  5
Data read 00000000 : 00000000
PC: 0x00000014
Inst read 00000014 : 00402083
write 00000000 into  6
Data read 00000000 : 00000000
PC: 0x00000018
Inst read 00000018 : 01c02383
write 88888000 into  2
Data read 00000002 : 80000000
PC: 0x0000001c
Inst read 0000001c : 00338863
write 80000000 into  3
Data read 00000001 : 80000000
Data write 00000001 : 80000000
PC: 0x00000020
Inst read 00000020 : 555550b7
Data read 00000001 : 80000000
PC: 0x00000024
Inst read 00000024 : 0070a0b3
write 80000000 into  1
Data read 00000007 : 00000000
PC: 0x00000028
Inst read 00000028 : fe0098e3
write 00000000 into  7
Data read 00000000 : 00000000
PC: 0x0000002c
Inst read 0000002c : 007282b3
Data read 00000000 : 00000000
PC: 0x00000030
Inst read 00000030 : 00230333
write 55555000 into  1
Data read 00000000 : 00000000
PC: 0x00000034
Inst read 00000034 : 00531463
write 00000000 into  1
Data read 00000000 : 00000000
PC: 0x00000038
Inst read 00000038 : 40000033
Data read 00000000 : 00000000
PC: 0x0000003c
Inst read 0000003c : 40530433
write 00000000 into  5
Data read 00000000 : 00000000
PC: 0x00000038
Inst read 00000038 : 40000033
write 88888000 into  6
Data read 00000000 : 00000000
PC: 0x0000003c
Inst read 0000003c : 40530433
Data read 00000000 : 00000000
PC: 0x00000040
Inst read 00000040 : 405304b3
Data read 00000000 : 00000000
PC: 0x00000044
Inst read 00000044 : 0080006f
Data read 00000000 : 00000000
PC: 0x00000048
Inst read 00000048 : 00007033
Data read 00000000 : 00000000
PC: 0x0000004c
Inst read 0000004c : 0072f533
write 88888000 into  8
Data read 00000000 : 00000000
PC: 0x00000048
Inst read 00000048 : 00007033
write 88888000 into  9
Data read 00000000 : 00000000
PC: 0x0000004c
Inst read 0000004c : 0072f533
Data read 00000000 : 00000000
PC: 0x00000050
Inst read 00000050 : 00157593
Data read 00000000 : 00000000
PC: 0x00000054
Inst read 00000054 : 00b51463
Data read 00000000 : 00000000
PC: 0x00000058
Inst read 00000058 : 00006033
Data read 00000000 : 00000000
PC: 0x0000005c
Inst read 0000005c : 00a5e5b3
write 00000000 into 10
Data read 00000000 : 00000000
PC: 0x00000060
Inst read 00000060 : 0015e513
write 00000000 into 11
Data read 00000000 : 00000000
PC: 0x00000064
Inst read 00000064 : 00558463
Data read 00000000 : 00000000
PC: 0x00000068
Inst read 00000068 : 00004033
Data read 00000000 : 00000000
PC: 0x0000006c
Inst read 0000006c : 00a5c633
write 00000000 into 11
Data read 00000000 : 00000000
PC: 0x00000068
Inst read 00000068 : 00004033
write 00000001 into 10
Data read 00000000 : 00000000
PC: 0x0000006c
Inst read 0000006c : 00a5c633
Data read 00000000 : 00000000
PC: 0x00000070
Inst read 00000070 : 00164613
Data read 00000000 : 00000000
PC: 0x00000074
Inst read 00000074 : 00b61463
Data read 00000000 : 00000000
PC: 0x00000078
Inst read 00000078 : 00000013
Data read 00000000 : 00000000
PC: 0x0000007c
Inst read 0000007c : 0012d293
write 00000001 into 12
Data read 00000000 : 00000000
